<?xml version="1.0" encoding="UTF-8"?>
<!-- Generated by org.testng.reporters.JUnitXMLReporter -->
<testsuite hostname="DESKTOP-TLU6D0U" failures="1" tests="3" name="Test" time="21.903" errors="0" timestamp="15 May 2024 13:31:37 GMT">
  <testcase classname="test.UITests" name="MapsView" time="8.134"/>
  <testcase classname="test.UITests" name="UI_HomePage" time="7.889">
    <failure type="java.lang.AssertionError" message="The following asserts failed:
	Temperature API 32.99&amp;apos;C, UI 33°C.   expected [32.99] but found [33]">
      <![CDATA[java.lang.AssertionError: The following asserts failed:
	Temperature API 32.99'C, UI 33°C.   expected [32.99] but found [33]
	at pages.HomePage.searchAndVerifyCityWeather(HomePage.java:117)
	at test.UITests.UI_HomePage(UITests.java:38)
... Removed 25 stack frames]]>
    </failure>
  </testcase> <!-- UI_HomePage -->
  <testcase classname="test.UITests" name="searchWeatherInYourCity" time="2.744"/>
</testsuite> <!-- Test -->
